<?xml version="1.0" encoding="UTF-8"?>
<!-- Generated by org.testng.reporters.JUnitXMLReporter -->
<testsuite ignored="4" hostname="Rajas-MacBook-Air.local" failures="0" tests="3" name="PurchaseCoffeeEndToEnd" time="5.259" errors="0" timestamp="2025-06-11T18:40:00 BST">
  <testcase classname="testCases.MenuItemsTest" name="items" time="0.035"/>
  <testcase classname="testCases.AddItemsToCartTest" name="addingToCart" time="0.121"/>
  <testcase classname="testCases.ViewCartTest" name="updatedCart" time="0.129"/>
  <testcase classname="base.BaseTest" name="@BeforeTest launch" time="0.0">
    <ignored/>
  </testcase> <!-- @BeforeTest launch -->
  <testcase classname="base.BaseTest" name="@AfterTest close" time="0.0">
    <ignored/>
  </testcase> <!-- @AfterTest close -->
  <testcase classname="base.BaseTest" name="@BeforeTest launch" time="0.0">
    <ignored/>
  </testcase> <!-- @BeforeTest launch -->
  <testcase classname="base.BaseTest" name="@AfterTest close" time="0.0">
    <ignored/>
  </testcase> <!-- @AfterTest close -->
</testsuite> <!-- PurchaseCoffeeEndToEnd -->
