<?xml version="1.0" encoding="UTF-8"?>
<!-- Generated by org.testng.reporters.JUnitXMLReporter -->
<testsuite ignored="6" hostname="Rajas-MacBook-Air.local" failures="0" tests="4" name="PurchaseCoffeeEndToEndMultiUser" time="5.766" errors="0" timestamp="2025-06-23T09:57:57 BST">
  <testcase classname="testCases.MenuItemsTest" name="items" time="0.039"/>
  <testcase classname="testCases.AddItemsToCartTest" name="addingToCart" time="0.127"/>
  <testcase classname="testCases.ViewCartTest" name="updatedCart" time="0.128"/>
  <testcase classname="testCases.PaymentTestSingleUserTest" name="purchaseFlow" time="0.656"/>
  <testcase classname="base.BaseTest" name="@AfterTest close" time="0.0">
    <ignored/>
  </testcase> <!-- @AfterTest close -->
  <testcase classname="base.BaseTest" name="@AfterTest close" time="0.0">
    <ignored/>
  </testcase> <!-- @AfterTest close -->
  <testcase classname="base.BaseTest" name="@AfterTest close" time="0.0">
    <ignored/>
  </testcase> <!-- @AfterTest close -->
  <testcase classname="base.BaseTest" name="@BeforeTest launch" time="0.0">
    <ignored/>
  </testcase> <!-- @BeforeTest launch -->
  <testcase classname="base.BaseTest" name="@BeforeTest launch" time="0.0">
    <ignored/>
  </testcase> <!-- @BeforeTest launch -->
  <testcase classname="base.BaseTest" name="@BeforeTest launch" time="0.0">
    <ignored/>
  </testcase> <!-- @BeforeTest launch -->
</testsuite> <!-- PurchaseCoffeeEndToEndMultiUser -->
