<?xml version="1.0" encoding="UTF-8"?>
<!-- Generated by org.testng.reporters.JUnitXMLReporter -->
<testsuite ignored="6" hostname="Rajas-MacBook-Air.local" failures="0" tests="4" name="PurchaseCoffeeEndToEnd" time="5.234" errors="0" timestamp="2025-06-18T21:03:49 BST">
  <testcase classname="testCases.MenuItemsTest" name="items" time="0.037"/>
  <testcase classname="testCases.AddItemsToCartTest" name="addingToCart" time="0.127"/>
  <testcase classname="testCases.ViewCartTest" name="updatedCart" time="0.135"/>
  <testcase classname="testCases.PaymentTestSingleUserTest" name="purchaseFlow" time="0.67"/>
  <testcase classname="base.BaseTest" name="@AfterTest close" time="0.0">
    <ignored/>
  </testcase> <!-- @AfterTest close -->
  <testcase classname="base.BaseTest" name="@BeforeTest launch" time="0.0">
    <ignored/>
  </testcase> <!-- @BeforeTest launch -->
  <testcase classname="base.BaseTest" name="@AfterTest close" time="0.0">
    <ignored/>
  </testcase> <!-- @AfterTest close -->
  <testcase classname="base.BaseTest" name="@BeforeTest launch" time="0.0">
    <ignored/>
  </testcase> <!-- @BeforeTest launch -->
  <testcase classname="base.BaseTest" name="@AfterTest close" time="0.0">
    <ignored/>
  </testcase> <!-- @AfterTest close -->
  <testcase classname="base.BaseTest" name="@BeforeTest launch" time="0.0">
    <ignored/>
  </testcase> <!-- @BeforeTest launch -->
</testsuite> <!-- PurchaseCoffeeEndToEnd -->
