<?xml version="1.0" encoding="UTF-8"?>
<!-- Generated by org.testng.reporters.JUnitXMLReporter -->
<testsuite ignored="0" hostname="Rajas-MacBook-Air.local" failures="0" tests="4" name="PurchaseCoffeeEndToEnd" time="6.418" errors="0" timestamp="2025-06-18T18:27:36 BST">
  <testcase classname="testCases.EndToEndPurchaseTest" name="purchase" time="0.958"/>
  <testcase classname="testCases.EndToEndPurchaseTest" name="purchase" time="0.335"/>
  <testcase classname="testCases.EndToEndPurchaseTest" name="purchase" time="0.371"/>
  <testcase classname="testCases.EndToEndPurchaseTest" name="purchase" time="0.323"/>
</testsuite> <!-- PurchaseCoffeeEndToEnd -->
