<?xml version="1.0" encoding="UTF-8"?>
<!-- Generated by org.testng.reporters.JUnitXMLReporter -->
<testsuite ignored="4" hostname="Rajas-MacBook-Air.local" failures="2" tests="3" name="PurchaseCoffeeEndToEnd" time="4.648" errors="0" timestamp="2025-06-14T00:47:45 BST">
  <testcase classname="testCases.MenuItemsTest" name="items" time="0.036"/>
  <testcase classname="testCases.AddItemsToCartTest" name="addingToCart" time="0.001">
    <failure type="java.lang.NullPointerException" message="Cannot invoke &amp;quot;org.openqa.selenium.SearchContext.findElement(org.openqa.selenium.By)&amp;quot; because &amp;quot;this.searchContext&amp;quot; is null">
      <![CDATA[java.lang.NullPointerException: Cannot invoke "org.openqa.selenium.SearchContext.findElement(org.openqa.selenium.By)" because "this.searchContext" is null
at org.openqa.selenium.support.pagefactory.DefaultElementLocator.findElement(DefaultElementLocator.java:68)
at org.openqa.selenium.support.pagefactory.internal.LocatingElementHandler.invoke(LocatingElementHandler.java:38)
at jdk.proxy2/jdk.proxy2.$Proxy14.click(Unknown Source)
at pom.AddItemsToCart.addingItems(AddItemsToCart.java:44)
at testCases.AddItemsToCartTest.addingToCart(AddItemsToCartTest.java:25)
at java.base/java.util.ArrayList.forEach(ArrayList.java:1596)
... Removed 25 stack frames]]>
    </failure>
  </testcase> <!-- addingToCart -->
  <testcase classname="testCases.ViewCartTest" name="updatedCart" time="0.001">
    <failure type="java.lang.NullPointerException" message="Cannot invoke &amp;quot;org.openqa.selenium.SearchContext.findElement(org.openqa.selenium.By)&amp;quot; because &amp;quot;this.searchContext&amp;quot; is null">
      <![CDATA[java.lang.NullPointerException: Cannot invoke "org.openqa.selenium.SearchContext.findElement(org.openqa.selenium.By)" because "this.searchContext" is null
at org.openqa.selenium.support.pagefactory.DefaultElementLocator.findElement(DefaultElementLocator.java:68)
at org.openqa.selenium.support.pagefactory.internal.LocatingElementHandler.invoke(LocatingElementHandler.java:38)
at jdk.proxy2/jdk.proxy2.$Proxy14.click(Unknown Source)
at pom.ViewCart.currentTotal(ViewCart.java:43)
at testCases.ViewCartTest.updatedCart(ViewCartTest.java:29)
at java.base/java.util.ArrayList.forEach(ArrayList.java:1596)
... Removed 25 stack frames]]>
    </failure>
  </testcase> <!-- updatedCart -->
  <testcase classname="base.BaseTest" name="@BeforeTest launch" time="0.0">
    <ignored/>
  </testcase> <!-- @BeforeTest launch -->
  <testcase classname="base.BaseTest" name="@AfterTest close" time="0.0">
    <ignored/>
  </testcase> <!-- @AfterTest close -->
  <testcase classname="base.BaseTest" name="@BeforeTest launch" time="0.0">
    <ignored/>
  </testcase> <!-- @BeforeTest launch -->
  <testcase classname="base.BaseTest" name="@AfterTest close" time="0.0">
    <ignored/>
  </testcase> <!-- @AfterTest close -->
</testsuite> <!-- PurchaseCoffeeEndToEnd -->
