<?xml version="1.0" encoding="UTF-8"?>
<!-- Generated by org.testng.reporters.JUnitXMLReporter -->
<testsuite ignored="0" hostname="Rajas-MacBook-Air.local" failures="4" tests="4" name="PurchaseCoffeeEndToEnd_SingleUser" time="0.02" errors="0" timestamp="2025-06-18T20:30:13 BST">
  <testcase classname="testCases.MenuItemsTest" name="items" time="0.003">
    <failure type="java.lang.NullPointerException" message="Cannot invoke &amp;quot;pom.MenuItems.coffeeNames()&amp;quot; because &amp;quot;this.coffeesListed&amp;quot; is null">
      <![CDATA[java.lang.NullPointerException: Cannot invoke "pom.MenuItems.coffeeNames()" because "this.coffeesListed" is null
at testCases.MenuItemsTest.items(MenuItemsTest.java:29)
at java.base/java.util.ArrayList.forEach(ArrayList.java:1596)
... Removed 25 stack frames]]>
    </failure>
  </testcase> <!-- items -->
  <testcase classname="testCases.AddItemsToCartTest" name="addingToCart" time="0.0">
    <failure type="java.lang.NullPointerException" message="Cannot invoke &amp;quot;pom.AddItemsToCart.addingItems()&amp;quot; because &amp;quot;this.beverages&amp;quot; is null">
      <![CDATA[java.lang.NullPointerException: Cannot invoke "pom.AddItemsToCart.addingItems()" because "this.beverages" is null
at testCases.AddItemsToCartTest.addingToCart(AddItemsToCartTest.java:23)
at java.base/java.util.ArrayList.forEach(ArrayList.java:1596)
... Removed 25 stack frames]]>
    </failure>
  </testcase> <!-- addingToCart -->
  <testcase classname="testCases.ViewCartTest" name="updatedCart" time="0.001">
    <failure type="java.lang.NullPointerException" message="Cannot invoke &amp;quot;pom.ViewCart.currentTotal()&amp;quot; because &amp;quot;this.cart&amp;quot; is null">
      <![CDATA[java.lang.NullPointerException: Cannot invoke "pom.ViewCart.currentTotal()" because "this.cart" is null
at testCases.ViewCartTest.updatedCart(ViewCartTest.java:26)
at java.base/java.util.ArrayList.forEach(ArrayList.java:1596)
... Removed 25 stack frames]]>
    </failure>
  </testcase> <!-- updatedCart -->
  <testcase classname="testCases.PaymentTestSingleUserTest" name="purchaseFlow" time="0.0">
    <failure type="java.lang.NullPointerException" message="Cannot invoke &amp;quot;pom.PaymentSingleUser.paymentDetails()&amp;quot; because &amp;quot;this.pay&amp;quot; is null">
      <![CDATA[java.lang.NullPointerException: Cannot invoke "pom.PaymentSingleUser.paymentDetails()" because "this.pay" is null
at testCases.PaymentTestSingleUserTest.purchaseFlow(PaymentTestSingleUserTest.java:31)
at java.base/java.util.ArrayList.forEach(ArrayList.java:1596)
... Removed 25 stack frames]]>
    </failure>
  </testcase> <!-- purchaseFlow -->
</testsuite> <!-- PurchaseCoffeeEndToEnd_SingleUser -->
