<?xml version="1.0" encoding="UTF-8"?>
<!-- Generated by org.testng.reporters.JUnitXMLReporter -->
<testsuite ignored="6" hostname="Rajas-MacBook-Air.local" failures="0" tests="4" name="SingleUserPurchaseTest" time="5.47" errors="0" timestamp="2025-07-21T18:22:33 BST">
  <testcase classname="testCases.MenuItemsTest" name="items" time="0.04"/>
  <testcase classname="testCases.AddItemsToCartTest" name="addingToCart" time="0.171"/>
  <testcase classname="testCases.ViewCartTest" name="updatedCart" time="0.164"/>
  <testcase classname="testCases.PaymentTestSingleUserTest" name="purchaseFlow" time="0.696"/>
  <testcase classname="base.BaseTest" name="@BeforeTest launch" time="0.0">
    <ignored/>
  </testcase> <!-- @BeforeTest launch -->
  <testcase classname="base.BaseTest" name="@AfterTest close" time="0.0">
    <ignored/>
  </testcase> <!-- @AfterTest close -->
  <testcase classname="base.BaseTest" name="@BeforeTest launch" time="0.0">
    <ignored/>
  </testcase> <!-- @BeforeTest launch -->
  <testcase classname="base.BaseTest" name="@AfterTest close" time="0.0">
    <ignored/>
  </testcase> <!-- @AfterTest close -->
  <testcase classname="base.BaseTest" name="@BeforeTest launch" time="0.0">
    <ignored/>
  </testcase> <!-- @BeforeTest launch -->
  <testcase classname="base.BaseTest" name="@AfterTest close" time="0.0">
    <ignored/>
  </testcase> <!-- @AfterTest close -->
</testsuite> <!-- SingleUserPurchaseTest -->
