<?xml version="1.0" encoding="UTF-8"?>
<!-- Generated by org.testng.reporters.JUnitXMLReporter -->
<testsuite ignored="0" hostname="Rajas-MacBook-Air.local" failures="0" tests="4" name="SingleUserPurchaseTest" time="6.286" errors="0" timestamp="2025-06-23T18:52:01 BST">
  <testcase classname="testCases.PaymentMultipleUserTest" name="purchaseFlow" time="0.945"/>
  <testcase classname="testCases.PaymentMultipleUserTest" name="purchaseFlow" time="0.322"/>
  <testcase classname="testCases.PaymentMultipleUserTest" name="purchaseFlow" time="0.318"/>
  <testcase classname="testCases.PaymentMultipleUserTest" name="purchaseFlow" time="0.308"/>
</testsuite> <!-- SingleUserPurchaseTest -->
