<?xml version="1.0" encoding="UTF-8"?>
<!-- Generated by org.testng.reporters.JUnitXMLReporter -->
<testsuite ignored="6" hostname="Rajas-MacBook-Air.local" failures="0" tests="4" name="SingleUserPurchaseTest" time="28.858" errors="0" timestamp="2025-06-24T18:51:18 BST">
  <testcase classname="testCases.MenuItemsTest" name="items" time="6.07"/>
  <testcase classname="testCases.AddItemsToCartTest" name="addingToCart" time="3.198"/>
  <testcase classname="testCases.ViewCartTest" name="updatedCart" time="9.198"/>
  <testcase classname="testCases.PaymentTestSingleUserTest" name="purchaseFlow" time="6.192"/>
  <testcase classname="base.BaseTest" name="@AfterTest close" time="0.0">
    <ignored/>
  </testcase> <!-- @AfterTest close -->
  <testcase classname="base.BaseTest" name="@BeforeTest launch" time="0.0">
    <ignored/>
  </testcase> <!-- @BeforeTest launch -->
  <testcase classname="base.BaseTest" name="@BeforeTest launch" time="0.0">
    <ignored/>
  </testcase> <!-- @BeforeTest launch -->
  <testcase classname="base.BaseTest" name="@BeforeTest launch" time="0.0">
    <ignored/>
  </testcase> <!-- @BeforeTest launch -->
  <testcase classname="base.BaseTest" name="@AfterTest close" time="0.0">
    <ignored/>
  </testcase> <!-- @AfterTest close -->
  <testcase classname="base.BaseTest" name="@AfterTest close" time="0.0">
    <ignored/>
  </testcase> <!-- @AfterTest close -->
</testsuite> <!-- SingleUserPurchaseTest -->
