<?xml version="1.0" encoding="UTF-8"?>
<!-- Generated by org.testng.reporters.JUnitXMLReporter -->
<testsuite ignored="0" hostname="Rajas-MacBook-Air.local" failures="0" tests="4" name="SingleUserPurchaseTest" time="6.642" errors="0" timestamp="2025-07-30T17:27:57 BST">
  <testcase classname="testCases.PaymentMultipleUserTest" name="purchaseFlow" time="1.07"/>
  <testcase classname="testCases.PaymentMultipleUserTest" name="purchaseFlow" time="0.402"/>
  <testcase classname="testCases.PaymentMultipleUserTest" name="purchaseFlow" time="0.386"/>
  <testcase classname="testCases.PaymentMultipleUserTest" name="purchaseFlow" time="0.381"/>
</testsuite> <!-- SingleUserPurchaseTest -->
