<?xml version="1.0" encoding="UTF-8"?>
<testng-results ignored="0" total="4" passed="4" failed="0" skipped="0">
  <reporter-output>
  </reporter-output>
  <suite started-at="2025-06-24T18:50:49 BST" name="CoffeCart" finished-at="2025-06-24T18:51:18 BST" duration-ms="28858">
    <groups>
      <group name="singleuser">
        <method signature="MenuItemsTest.items()[pri:0, instance:testCases.MenuItemsTest@dc9876b]" name="items" class="testCases.MenuItemsTest"/>
        <method signature="AddItemsToCartTest.addingToCart()[pri:0, instance:testCases.AddItemsToCartTest@75c56eb9]" name="addingToCart" class="testCases.AddItemsToCartTest"/>
        <method signature="ViewCartTest.updatedCart()[pri:0, instance:testCases.ViewCartTest@4bc222e]" name="updatedCart" class="testCases.ViewCartTest"/>
        <method signature="PaymentTestSingleUserTest.purchaseFlow()[pri:0, instance:testCases.PaymentTestSingleUserTest@2dc9b0f5]" name="purchaseFlow" class="testCases.PaymentTestSingleUserTest"/>
      </group> <!-- singleuser -->
    </groups>
    <test started-at="2025-06-24T18:50:49 BST" name="SingleUserPurchaseTest" finished-at="2025-06-24T18:51:18 BST" duration-ms="28858">
      <class name="testCases.PaymentTestSingleUserTest">
        <test-method is-config="true" signature="pageSetup()[pri:0, instance:testCases.PaymentTestSingleUserTest@2dc9b0f5]" started-at="2025-06-24T18:51:08 BST" name="pageSetup" finished-at="2025-06-24T18:51:08 BST" duration-ms="1" status="PASS">
          <reporter-output>
          </reporter-output>
        </test-method> <!-- pageSetup -->
        <test-method signature="purchaseFlow()[pri:0, instance:testCases.PaymentTestSingleUserTest@2dc9b0f5]" started-at="2025-06-24T18:51:08 BST" name="purchaseFlow" finished-at="2025-06-24T18:51:15 BST" depends-on-methods="testCases.ViewCartTest.updatedCart" duration-ms="6192" status="PASS">
          <reporter-output>
          </reporter-output>
        </test-method> <!-- purchaseFlow -->
      </class> <!-- testCases.PaymentTestSingleUserTest -->
      <class name="testCases.AddItemsToCartTest">
        <test-method is-config="true" signature="pageSetup()[pri:0, instance:testCases.AddItemsToCartTest@75c56eb9]" started-at="2025-06-24T18:50:56 BST" name="pageSetup" finished-at="2025-06-24T18:50:56 BST" duration-ms="3" status="PASS">
          <reporter-output>
          </reporter-output>
        </test-method> <!-- pageSetup -->
        <test-method signature="addingToCart()[pri:0, instance:testCases.AddItemsToCartTest@75c56eb9]" started-at="2025-06-24T18:50:56 BST" name="addingToCart" finished-at="2025-06-24T18:50:59 BST" depends-on-methods="testCases.MenuItemsTest.items" duration-ms="3198" status="PASS">
          <reporter-output>
          </reporter-output>
        </test-method> <!-- addingToCart -->
      </class> <!-- testCases.AddItemsToCartTest -->
      <class name="testCases.MenuItemsTest">
        <test-method is-config="true" signature="launch()[pri:0, instance:testCases.MenuItemsTest@dc9876b]" started-at="2025-06-24T18:50:49 BST" name="launch" finished-at="2025-06-24T18:50:50 BST" duration-ms="1073" status="PASS">
          <reporter-output>
          </reporter-output>
        </test-method> <!-- launch -->
        <test-method is-config="true" signature="pageSetup()[pri:0, instance:testCases.MenuItemsTest@dc9876b]" started-at="2025-06-24T18:50:50 BST" name="pageSetup" finished-at="2025-06-24T18:50:50 BST" duration-ms="5" status="PASS">
          <reporter-output>
          </reporter-output>
        </test-method> <!-- pageSetup -->
        <test-method signature="items()[pri:0, instance:testCases.MenuItemsTest@dc9876b]" started-at="2025-06-24T18:50:50 BST" name="items" finished-at="2025-06-24T18:50:56 BST" duration-ms="6070" status="PASS">
          <reporter-output>
          </reporter-output>
        </test-method> <!-- items -->
        <test-method is-config="true" signature="close()[pri:0, instance:testCases.MenuItemsTest@dc9876b]" started-at="2025-06-24T18:51:15 BST" name="close" finished-at="2025-06-24T18:51:18 BST" duration-ms="3096" status="PASS">
          <reporter-output>
          </reporter-output>
        </test-method> <!-- close -->
      </class> <!-- testCases.MenuItemsTest -->
      <class name="testCases.ViewCartTest">
        <test-method is-config="true" signature="pageSetup()[pri:0, instance:testCases.ViewCartTest@4bc222e]" started-at="2025-06-24T18:50:59 BST" name="pageSetup" finished-at="2025-06-24T18:50:59 BST" duration-ms="1" status="PASS">
          <reporter-output>
          </reporter-output>
        </test-method> <!-- pageSetup -->
        <test-method signature="updatedCart()[pri:0, instance:testCases.ViewCartTest@4bc222e]" started-at="2025-06-24T18:50:59 BST" name="updatedCart" finished-at="2025-06-24T18:51:08 BST" depends-on-methods="testCases.AddItemsToCartTest.addingToCart" duration-ms="9198" status="PASS">
          <reporter-output>
          </reporter-output>
        </test-method> <!-- updatedCart -->
      </class> <!-- testCases.ViewCartTest -->
    </test> <!-- SingleUserPurchaseTest -->
  </suite> <!-- CoffeCart -->
</testng-results>
