<?xml version="1.0" encoding="UTF-8"?>
<testng-results ignored="0" total="4" passed="4" failed="0" skipped="0">
  <reporter-output>
  </reporter-output>
  <suite started-at="2025-06-18T19:45:14 BST" name="CoffeCart" finished-at="2025-06-18T19:45:19 BST" duration-ms="5235">
    <groups>
    </groups>
    <test started-at="2025-06-18T19:45:14 BST" name="PurchaseCoffeeEndToEnd" finished-at="2025-06-18T19:45:19 BST" duration-ms="5235">
      <class name="testCases.PaymentTestSingleUserTest">
        <test-method is-config="true" signature="pageSetup()[pri:0, instance:testCases.PaymentTestSingleUserTest@3af9c5b7]" started-at="2025-06-18T19:45:15 BST" name="pageSetup" finished-at="2025-06-18T19:45:15 BST" duration-ms="1" status="PASS">
          <reporter-output>
          </reporter-output>
        </test-method> <!-- pageSetup -->
        <test-method signature="purchaseFlow()[pri:0, instance:testCases.PaymentTestSingleUserTest@3af9c5b7]" started-at="2025-06-18T19:45:15 BST" name="purchaseFlow" finished-at="2025-06-18T19:45:16 BST" depends-on-methods="testCases.ViewCartTest.updatedCart" duration-ms="668" status="PASS">
          <reporter-output>
          </reporter-output>
        </test-method> <!-- purchaseFlow -->
      </class> <!-- testCases.PaymentTestSingleUserTest -->
      <class name="testCases.AddItemsToCartTest">
        <test-method is-config="true" signature="pageSetup()[pri:0, instance:testCases.AddItemsToCartTest@c86b9e3]" started-at="2025-06-18T19:45:15 BST" name="pageSetup" finished-at="2025-06-18T19:45:15 BST" duration-ms="2" status="PASS">
          <reporter-output>
          </reporter-output>
        </test-method> <!-- pageSetup -->
        <test-method signature="addingToCart()[pri:0, instance:testCases.AddItemsToCartTest@c86b9e3]" started-at="2025-06-18T19:45:15 BST" name="addingToCart" finished-at="2025-06-18T19:45:15 BST" depends-on-methods="testCases.MenuItemsTest.items" duration-ms="127" status="PASS">
          <reporter-output>
          </reporter-output>
        </test-method> <!-- addingToCart -->
      </class> <!-- testCases.AddItemsToCartTest -->
      <class name="testCases.MenuItemsTest">
        <test-method is-config="true" signature="launch()[pri:0, instance:testCases.MenuItemsTest@49e5f737]" started-at="2025-06-18T19:45:14 BST" name="launch" finished-at="2025-06-18T19:45:15 BST" duration-ms="1144" status="PASS">
          <reporter-output>
          </reporter-output>
        </test-method> <!-- launch -->
        <test-method is-config="true" signature="pageSetup()[pri:0, instance:testCases.MenuItemsTest@49e5f737]" started-at="2025-06-18T19:45:15 BST" name="pageSetup" finished-at="2025-06-18T19:45:15 BST" duration-ms="4" status="PASS">
          <reporter-output>
          </reporter-output>
        </test-method> <!-- pageSetup -->
        <test-method signature="items()[pri:0, instance:testCases.MenuItemsTest@49e5f737]" started-at="2025-06-18T19:45:15 BST" name="items" finished-at="2025-06-18T19:45:15 BST" duration-ms="38" status="PASS">
          <reporter-output>
          </reporter-output>
        </test-method> <!-- items -->
        <test-method is-config="true" signature="close()[pri:0, instance:testCases.MenuItemsTest@49e5f737]" started-at="2025-06-18T19:45:16 BST" name="close" finished-at="2025-06-18T19:45:19 BST" duration-ms="3101" status="PASS">
          <reporter-output>
          </reporter-output>
        </test-method> <!-- close -->
      </class> <!-- testCases.MenuItemsTest -->
      <class name="testCases.ViewCartTest">
        <test-method is-config="true" signature="pageSetup()[pri:0, instance:testCases.ViewCartTest@10aa41f2]" started-at="2025-06-18T19:45:15 BST" name="pageSetup" finished-at="2025-06-18T19:45:15 BST" duration-ms="1" status="PASS">
          <reporter-output>
          </reporter-output>
        </test-method> <!-- pageSetup -->
        <test-method signature="updatedCart()[pri:0, instance:testCases.ViewCartTest@10aa41f2]" started-at="2025-06-18T19:45:15 BST" name="updatedCart" finished-at="2025-06-18T19:45:15 BST" depends-on-methods="testCases.AddItemsToCartTest.addingToCart" duration-ms="134" status="PASS">
          <reporter-output>
          </reporter-output>
        </test-method> <!-- updatedCart -->
      </class> <!-- testCases.ViewCartTest -->
    </test> <!-- PurchaseCoffeeEndToEnd -->
  </suite> <!-- CoffeCart -->
</testng-results>
