<?xml version="1.0" encoding="UTF-8"?>
<testng-results ignored="0" total="4" passed="4" failed="0" skipped="0">
  <reporter-output>
  </reporter-output>
  <suite started-at="2025-07-23T18:52:03 BST" name="CoffeCart" finished-at="2025-07-23T18:52:09 BST" duration-ms="5439">
    <groups>
      <group name="singleuser">
        <method signature="MenuItemsTest.items()[pri:0, instance:testCases.MenuItemsTest@2a2da905]" name="items" class="testCases.MenuItemsTest"/>
        <method signature="AddItemsToCartTest.addingToCart()[pri:0, instance:testCases.AddItemsToCartTest@302fec27]" name="addingToCart" class="testCases.AddItemsToCartTest"/>
        <method signature="ViewCartTest.updatedCart()[pri:0, instance:testCases.ViewCartTest@770d0ea6]" name="updatedCart" class="testCases.ViewCartTest"/>
        <method signature="PaymentTestSingleUserTest.purchaseFlow()[pri:0, instance:testCases.PaymentTestSingleUserTest@48c40605]" name="purchaseFlow" class="testCases.PaymentTestSingleUserTest"/>
      </group> <!-- singleuser -->
    </groups>
    <test started-at="2025-07-23T18:52:03 BST" name="SingleUserPurchaseTest" finished-at="2025-07-23T18:52:09 BST" duration-ms="5439">
      <class name="testCases.PaymentTestSingleUserTest">
        <test-method is-config="true" signature="pageSetup()[pri:0, instance:testCases.PaymentTestSingleUserTest@48c40605]" started-at="2025-07-23T18:52:05 BST" name="pageSetup" finished-at="2025-07-23T18:52:05 BST" duration-ms="2" status="PASS">
          <reporter-output>
          </reporter-output>
        </test-method> <!-- pageSetup -->
        <test-method signature="purchaseFlow()[pri:0, instance:testCases.PaymentTestSingleUserTest@48c40605]" started-at="2025-07-23T18:52:05 BST" name="purchaseFlow" finished-at="2025-07-23T18:52:05 BST" depends-on-methods="testCases.ViewCartTest.updatedCart" duration-ms="709" status="PASS">
          <reporter-output>
          </reporter-output>
        </test-method> <!-- purchaseFlow -->
      </class> <!-- testCases.PaymentTestSingleUserTest -->
      <class name="testCases.AddItemsToCartTest">
        <test-method is-config="true" signature="pageSetup()[pri:0, instance:testCases.AddItemsToCartTest@302fec27]" started-at="2025-07-23T18:52:04 BST" name="pageSetup" finished-at="2025-07-23T18:52:04 BST" duration-ms="3" status="PASS">
          <reporter-output>
          </reporter-output>
        </test-method> <!-- pageSetup -->
        <test-method signature="addingToCart()[pri:0, instance:testCases.AddItemsToCartTest@302fec27]" started-at="2025-07-23T18:52:04 BST" name="addingToCart" finished-at="2025-07-23T18:52:05 BST" depends-on-methods="testCases.MenuItemsTest.items" duration-ms="205" status="PASS">
          <reporter-output>
          </reporter-output>
        </test-method> <!-- addingToCart -->
      </class> <!-- testCases.AddItemsToCartTest -->
      <class name="testCases.MenuItemsTest">
        <test-method is-config="true" signature="launch()[pri:0, instance:testCases.MenuItemsTest@2a2da905]" started-at="2025-07-23T18:52:03 BST" name="launch" finished-at="2025-07-23T18:52:04 BST" duration-ms="1187" status="PASS">
          <reporter-output>
          </reporter-output>
        </test-method> <!-- launch -->
        <test-method is-config="true" signature="pageSetup()[pri:0, instance:testCases.MenuItemsTest@2a2da905]" started-at="2025-07-23T18:52:04 BST" name="pageSetup" finished-at="2025-07-23T18:52:04 BST" duration-ms="4" status="PASS">
          <reporter-output>
          </reporter-output>
        </test-method> <!-- pageSetup -->
        <test-method signature="items()[pri:0, instance:testCases.MenuItemsTest@2a2da905]" started-at="2025-07-23T18:52:04 BST" name="items" finished-at="2025-07-23T18:52:04 BST" duration-ms="44" status="PASS">
          <reporter-output>
          </reporter-output>
        </test-method> <!-- items -->
        <test-method is-config="true" signature="close()[pri:0, instance:testCases.MenuItemsTest@2a2da905]" started-at="2025-07-23T18:52:05 BST" name="close" finished-at="2025-07-23T18:52:09 BST" duration-ms="3098" status="PASS">
          <reporter-output>
          </reporter-output>
        </test-method> <!-- close -->
      </class> <!-- testCases.MenuItemsTest -->
      <class name="testCases.ViewCartTest">
        <test-method is-config="true" signature="pageSetup()[pri:0, instance:testCases.ViewCartTest@770d0ea6]" started-at="2025-07-23T18:52:05 BST" name="pageSetup" finished-at="2025-07-23T18:52:05 BST" duration-ms="1" status="PASS">
          <reporter-output>
          </reporter-output>
        </test-method> <!-- pageSetup -->
        <test-method signature="updatedCart()[pri:0, instance:testCases.ViewCartTest@770d0ea6]" started-at="2025-07-23T18:52:05 BST" name="updatedCart" finished-at="2025-07-23T18:52:05 BST" depends-on-methods="testCases.AddItemsToCartTest.addingToCart" duration-ms="170" status="PASS">
          <reporter-output>
          </reporter-output>
        </test-method> <!-- updatedCart -->
      </class> <!-- testCases.ViewCartTest -->
    </test> <!-- SingleUserPurchaseTest -->
  </suite> <!-- CoffeCart -->
</testng-results>
