<?xml version="1.0" encoding="UTF-8"?>
<testng-results ignored="0" total="1" passed="1" failed="0" skipped="0">
  <reporter-output>
  </reporter-output>
  <suite started-at="2025-06-09T17:05:54 BST" name="Default suite" finished-at="2025-06-09T17:06:00 BST" duration-ms="5628">
    <groups>
    </groups>
    <test started-at="2025-06-09T17:05:54 BST" name="Default test" finished-at="2025-06-09T17:06:00 BST" duration-ms="5628">
      <class name="testCases.MenuItemsTest">
        <test-method is-config="true" signature="launch()[pri:0, instance:testCases.MenuItemsTest@3bf7ca37]" started-at="2025-06-09T17:05:54 BST" name="launch" finished-at="2025-06-09T17:05:57 BST" duration-ms="2453" status="PASS">
          <reporter-output>
          </reporter-output>
        </test-method> <!-- launch -->
        <test-method is-config="true" signature="pageSetup()[pri:0, instance:testCases.MenuItemsTest@3bf7ca37]" started-at="2025-06-09T17:05:57 BST" name="pageSetup" finished-at="2025-06-09T17:05:57 BST" duration-ms="6" status="PASS">
          <reporter-output>
          </reporter-output>
        </test-method> <!-- pageSetup -->
        <test-method signature="items()[pri:0, instance:testCases.MenuItemsTest@3bf7ca37]" started-at="2025-06-09T17:05:57 BST" name="items" finished-at="2025-06-09T17:05:57 BST" duration-ms="41" status="PASS">
          <reporter-output>
          </reporter-output>
        </test-method> <!-- items -->
        <test-method is-config="true" signature="close()[pri:0, instance:testCases.MenuItemsTest@3bf7ca37]" started-at="2025-06-09T17:05:57 BST" name="close" finished-at="2025-06-09T17:06:00 BST" duration-ms="3117" status="PASS">
          <reporter-output>
          </reporter-output>
        </test-method> <!-- close -->
      </class> <!-- testCases.MenuItemsTest -->
    </test> <!-- Default test -->
  </suite> <!-- Default suite -->
</testng-results>
