<?xml version="1.0" encoding="UTF-8"?>
<testng-results ignored="0" total="4" passed="4" failed="0" skipped="0">
  <reporter-output>
  </reporter-output>
  <suite started-at="2025-06-18T18:27:29 BST" name="CoffeCart" finished-at="2025-06-18T18:27:36 BST" duration-ms="6418">
    <groups>
    </groups>
    <test started-at="2025-06-18T18:27:29 BST" name="PurchaseCoffeeEndToEnd" finished-at="2025-06-18T18:27:36 BST" duration-ms="6418">
      <class name="testCases.EndToEndPurchaseTest">
        <test-method is-config="true" signature="launch()[pri:0, instance:testCases.EndToEndPurchaseTest@26b3fd41]" started-at="2025-06-18T18:27:29 BST" name="launch" finished-at="2025-06-18T18:27:30 BST" duration-ms="1137" status="PASS">
          <reporter-output>
          </reporter-output>
        </test-method> <!-- launch -->
        <test-method is-config="true" signature="pageSetup()[pri:0, instance:testCases.EndToEndPurchaseTest@26b3fd41]" started-at="2025-06-18T18:27:31 BST" name="pageSetup" finished-at="2025-06-18T18:27:31 BST" duration-ms="5" status="PASS">
          <reporter-output>
          </reporter-output>
        </test-method> <!-- pageSetup -->
        <test-method signature="purchase(java.lang.String,java.lang.String)[pri:0, instance:testCases.EndToEndPurchaseTest@26b3fd41]" started-at="2025-06-18T18:27:31 BST" name="purchase" data-provider="paymentData" finished-at="2025-06-18T18:27:32 BST" duration-ms="958" status="PASS">
          <params>
            <param index="0">
              <value>
                <![CDATA[Raja Bhamra]]>
              </value>
            </param>
            <param index="1">
              <value>
                <![CDATA[raja@gmail.com]]>
              </value>
            </param>
          </params>
          <reporter-output>
          </reporter-output>
        </test-method> <!-- purchase -->
        <test-method is-config="true" signature="pageSetup()[pri:0, instance:testCases.EndToEndPurchaseTest@26b3fd41]" started-at="2025-06-18T18:27:32 BST" name="pageSetup" finished-at="2025-06-18T18:27:32 BST" duration-ms="1" status="PASS">
          <reporter-output>
          </reporter-output>
        </test-method> <!-- pageSetup -->
        <test-method signature="purchase(java.lang.String,java.lang.String)[pri:0, instance:testCases.EndToEndPurchaseTest@26b3fd41]" started-at="2025-06-18T18:27:32 BST" name="purchase" data-provider="paymentData" finished-at="2025-06-18T18:27:32 BST" duration-ms="335" status="PASS">
          <params>
            <param index="0">
              <value>
                <![CDATA[Jake Moss]]>
              </value>
            </param>
            <param index="1">
              <value>
                <![CDATA[Jake@gmail.com]]>
              </value>
            </param>
          </params>
          <reporter-output>
          </reporter-output>
        </test-method> <!-- purchase -->
        <test-method is-config="true" signature="pageSetup()[pri:0, instance:testCases.EndToEndPurchaseTest@26b3fd41]" started-at="2025-06-18T18:27:32 BST" name="pageSetup" finished-at="2025-06-18T18:27:32 BST" duration-ms="1" status="PASS">
          <reporter-output>
          </reporter-output>
        </test-method> <!-- pageSetup -->
        <test-method signature="purchase(java.lang.String,java.lang.String)[pri:0, instance:testCases.EndToEndPurchaseTest@26b3fd41]" started-at="2025-06-18T18:27:32 BST" name="purchase" data-provider="paymentData" finished-at="2025-06-18T18:27:32 BST" duration-ms="371" status="PASS">
          <params>
            <param index="0">
              <value>
                <![CDATA[Harry Knight]]>
              </value>
            </param>
            <param index="1">
              <value>
                <![CDATA[Harry@gmail.com]]>
              </value>
            </param>
          </params>
          <reporter-output>
          </reporter-output>
        </test-method> <!-- purchase -->
        <test-method is-config="true" signature="pageSetup()[pri:0, instance:testCases.EndToEndPurchaseTest@26b3fd41]" started-at="2025-06-18T18:27:32 BST" name="pageSetup" finished-at="2025-06-18T18:27:32 BST" duration-ms="1" status="PASS">
          <reporter-output>
          </reporter-output>
        </test-method> <!-- pageSetup -->
        <test-method signature="purchase(java.lang.String,java.lang.String)[pri:0, instance:testCases.EndToEndPurchaseTest@26b3fd41]" started-at="2025-06-18T18:27:32 BST" name="purchase" data-provider="paymentData" finished-at="2025-06-18T18:27:33 BST" duration-ms="323" status="PASS">
          <params>
            <param index="0">
              <value>
                <![CDATA[Romana Virdi]]>
              </value>
            </param>
            <param index="1">
              <value>
                <![CDATA[Romana@gmail.com]]>
              </value>
            </param>
          </params>
          <reporter-output>
          </reporter-output>
        </test-method> <!-- purchase -->
        <test-method is-config="true" signature="close()[pri:0, instance:testCases.EndToEndPurchaseTest@26b3fd41]" started-at="2025-06-18T18:27:33 BST" name="close" finished-at="2025-06-18T18:27:36 BST" duration-ms="3096" status="PASS">
          <reporter-output>
          </reporter-output>
        </test-method> <!-- close -->
      </class> <!-- testCases.EndToEndPurchaseTest -->
    </test> <!-- PurchaseCoffeeEndToEnd -->
  </suite> <!-- CoffeCart -->
</testng-results>
