<?xml version="1.0" encoding="UTF-8"?>
<testng-results ignored="0" total="1" passed="1" failed="0" skipped="0">
  <reporter-output>
  </reporter-output>
  <suite started-at="2025-06-10T18:31:12 BST" name="Default suite" finished-at="2025-06-10T18:31:17 BST" duration-ms="4748">
    <groups>
    </groups>
    <test started-at="2025-06-10T18:31:12 BST" name="Default test" finished-at="2025-06-10T18:31:17 BST" duration-ms="4748">
      <class name="testCases.AddItemsToCartTest">
        <test-method is-config="true" signature="launch()[pri:0, instance:testCases.AddItemsToCartTest@4116aac9]" started-at="2025-06-10T18:31:12 BST" name="launch" finished-at="2025-06-10T18:31:14 BST" duration-ms="1465" status="PASS">
          <reporter-output>
          </reporter-output>
        </test-method> <!-- launch -->
        <test-method is-config="true" signature="pageSetup()[pri:0, instance:testCases.AddItemsToCartTest@4116aac9]" started-at="2025-06-10T18:31:14 BST" name="pageSetup" finished-at="2025-06-10T18:31:14 BST" duration-ms="5" status="PASS">
          <reporter-output>
          </reporter-output>
        </test-method> <!-- pageSetup -->
        <test-method signature="addingItems()[pri:0, instance:testCases.AddItemsToCartTest@4116aac9]" started-at="2025-06-10T18:31:14 BST" name="addingItems" finished-at="2025-06-10T18:31:14 BST" duration-ms="138" status="PASS">
          <reporter-output>
          </reporter-output>
        </test-method> <!-- addingItems -->
        <test-method is-config="true" signature="close()[pri:0, instance:testCases.AddItemsToCartTest@4116aac9]" started-at="2025-06-10T18:31:14 BST" name="close" finished-at="2025-06-10T18:31:17 BST" duration-ms="3129" status="PASS">
          <reporter-output>
          </reporter-output>
        </test-method> <!-- close -->
      </class> <!-- testCases.AddItemsToCartTest -->
    </test> <!-- Default test -->
  </suite> <!-- Default suite -->
</testng-results>
