<?xml version="1.0" encoding="UTF-8"?>
<testng-results ignored="0" total="4" passed="4" failed="0" skipped="0">
  <reporter-output>
  </reporter-output>
  <suite started-at="2025-06-14T12:39:13 BST" name="CoffeCart" finished-at="2025-06-14T12:39:18 BST" duration-ms="5563">
    <groups>
    </groups>
    <test started-at="2025-06-14T12:39:13 BST" name="PurchaseCoffeeEndToEnd" finished-at="2025-06-14T12:39:18 BST" duration-ms="5563">
      <class name="testCases.PaymentTest">
        <test-method is-config="true" signature="pageSetup()[pri:0, instance:testCases.PaymentTest@587e5365]" started-at="2025-06-14T12:39:14 BST" name="pageSetup" finished-at="2025-06-14T12:39:14 BST" duration-ms="1" status="PASS">
          <reporter-output>
          </reporter-output>
        </test-method> <!-- pageSetup -->
        <test-method signature="purchaseFlow()[pri:0, instance:testCases.PaymentTest@587e5365]" started-at="2025-06-14T12:39:14 BST" name="purchaseFlow" finished-at="2025-06-14T12:39:15 BST" depends-on-methods="testCases.ViewCartTest.updatedCart" duration-ms="657" status="PASS">
          <reporter-output>
          </reporter-output>
        </test-method> <!-- purchaseFlow -->
      </class> <!-- testCases.PaymentTest -->
      <class name="testCases.AddItemsToCartTest">
        <test-method is-config="true" signature="pageSetup()[pri:0, instance:testCases.AddItemsToCartTest@4009e306]" started-at="2025-06-14T12:39:14 BST" name="pageSetup" finished-at="2025-06-14T12:39:14 BST" duration-ms="3" status="PASS">
          <reporter-output>
          </reporter-output>
        </test-method> <!-- pageSetup -->
        <test-method signature="addingToCart()[pri:0, instance:testCases.AddItemsToCartTest@4009e306]" started-at="2025-06-14T12:39:14 BST" name="addingToCart" finished-at="2025-06-14T12:39:14 BST" depends-on-methods="testCases.MenuItemsTest.items" duration-ms="131" status="PASS">
          <reporter-output>
          </reporter-output>
        </test-method> <!-- addingToCart -->
      </class> <!-- testCases.AddItemsToCartTest -->
      <class name="testCases.MenuItemsTest">
        <test-method is-config="true" signature="launch()[pri:0, instance:testCases.MenuItemsTest@2002fc1d]" started-at="2025-06-14T12:39:13 BST" name="launch" finished-at="2025-06-14T12:39:14 BST" duration-ms="1491" status="PASS">
          <reporter-output>
          </reporter-output>
        </test-method> <!-- launch -->
        <test-method is-config="true" signature="pageSetup()[pri:0, instance:testCases.MenuItemsTest@2002fc1d]" started-at="2025-06-14T12:39:14 BST" name="pageSetup" finished-at="2025-06-14T12:39:14 BST" duration-ms="5" status="PASS">
          <reporter-output>
          </reporter-output>
        </test-method> <!-- pageSetup -->
        <test-method signature="items()[pri:0, instance:testCases.MenuItemsTest@2002fc1d]" started-at="2025-06-14T12:39:14 BST" name="items" finished-at="2025-06-14T12:39:14 BST" duration-ms="37" status="PASS">
          <reporter-output>
          </reporter-output>
        </test-method> <!-- items -->
        <test-method is-config="true" signature="close()[pri:0, instance:testCases.MenuItemsTest@2002fc1d]" started-at="2025-06-14T12:39:15 BST" name="close" finished-at="2025-06-14T12:39:18 BST" duration-ms="3094" status="PASS">
          <reporter-output>
          </reporter-output>
        </test-method> <!-- close -->
      </class> <!-- testCases.MenuItemsTest -->
      <class name="testCases.ViewCartTest">
        <test-method is-config="true" signature="pageSetup()[pri:0, instance:testCases.ViewCartTest@43c1b556]" started-at="2025-06-14T12:39:14 BST" name="pageSetup" finished-at="2025-06-14T12:39:14 BST" duration-ms="1" status="PASS">
          <reporter-output>
          </reporter-output>
        </test-method> <!-- pageSetup -->
        <test-method signature="updatedCart()[pri:0, instance:testCases.ViewCartTest@43c1b556]" started-at="2025-06-14T12:39:14 BST" name="updatedCart" finished-at="2025-06-14T12:39:14 BST" depends-on-methods="testCases.AddItemsToCartTest.addingToCart" duration-ms="129" status="PASS">
          <reporter-output>
          </reporter-output>
        </test-method> <!-- updatedCart -->
      </class> <!-- testCases.ViewCartTest -->
    </test> <!-- PurchaseCoffeeEndToEnd -->
  </suite> <!-- CoffeCart -->
</testng-results>
