<?xml version="1.0" encoding="UTF-8"?>
<testng-results ignored="0" total="4" passed="4" failed="0" skipped="0">
  <reporter-output>
  </reporter-output>
  <suite started-at="2025-06-18T21:11:59 BST" name="CoffeCart" finished-at="2025-06-18T21:12:05 BST" duration-ms="5178">
    <groups>
      <group name="singleuser">
        <method signature="MenuItemsTest.items()[pri:0, instance:testCases.MenuItemsTest@3b5fad2d]" name="items" class="testCases.MenuItemsTest"/>
        <method signature="AddItemsToCartTest.addingToCart()[pri:0, instance:testCases.AddItemsToCartTest@27912e3]" name="addingToCart" class="testCases.AddItemsToCartTest"/>
        <method signature="ViewCartTest.updatedCart()[pri:0, instance:testCases.ViewCartTest@34b9f960]" name="updatedCart" class="testCases.ViewCartTest"/>
        <method signature="PaymentTestSingleUserTest.purchaseFlow()[pri:0, instance:testCases.PaymentTestSingleUserTest@43015c69]" name="purchaseFlow" class="testCases.PaymentTestSingleUserTest"/>
      </group> <!-- singleuser -->
    </groups>
    <test started-at="2025-06-18T21:11:59 BST" name="PurchaseCoffeeEndToEnd" finished-at="2025-06-18T21:12:05 BST" duration-ms="5178">
      <class name="testCases.PaymentTestSingleUserTest">
        <test-method is-config="true" signature="pageSetup()[pri:0, instance:testCases.PaymentTestSingleUserTest@43015c69]" started-at="2025-06-18T21:12:01 BST" name="pageSetup" finished-at="2025-06-18T21:12:01 BST" duration-ms="1" status="PASS">
          <reporter-output>
          </reporter-output>
        </test-method> <!-- pageSetup -->
        <test-method signature="purchaseFlow()[pri:0, instance:testCases.PaymentTestSingleUserTest@43015c69]" started-at="2025-06-18T21:12:01 BST" name="purchaseFlow" finished-at="2025-06-18T21:12:01 BST" depends-on-methods="testCases.ViewCartTest.updatedCart" duration-ms="660" status="PASS">
          <reporter-output>
          </reporter-output>
        </test-method> <!-- purchaseFlow -->
      </class> <!-- testCases.PaymentTestSingleUserTest -->
      <class name="testCases.AddItemsToCartTest">
        <test-method is-config="true" signature="pageSetup()[pri:0, instance:testCases.AddItemsToCartTest@27912e3]" started-at="2025-06-18T21:12:01 BST" name="pageSetup" finished-at="2025-06-18T21:12:01 BST" duration-ms="2" status="PASS">
          <reporter-output>
          </reporter-output>
        </test-method> <!-- pageSetup -->
        <test-method signature="addingToCart()[pri:0, instance:testCases.AddItemsToCartTest@27912e3]" started-at="2025-06-18T21:12:01 BST" name="addingToCart" finished-at="2025-06-18T21:12:01 BST" depends-on-methods="testCases.MenuItemsTest.items" duration-ms="128" status="PASS">
          <reporter-output>
          </reporter-output>
        </test-method> <!-- addingToCart -->
      </class> <!-- testCases.AddItemsToCartTest -->
      <class name="testCases.MenuItemsTest">
        <test-method is-config="true" signature="launch()[pri:0, instance:testCases.MenuItemsTest@3b5fad2d]" started-at="2025-06-18T21:11:59 BST" name="launch" finished-at="2025-06-18T21:12:00 BST" duration-ms="1092" status="PASS">
          <reporter-output>
          </reporter-output>
        </test-method> <!-- launch -->
        <test-method is-config="true" signature="pageSetup()[pri:0, instance:testCases.MenuItemsTest@3b5fad2d]" started-at="2025-06-18T21:12:00 BST" name="pageSetup" finished-at="2025-06-18T21:12:00 BST" duration-ms="5" status="PASS">
          <reporter-output>
          </reporter-output>
        </test-method> <!-- pageSetup -->
        <test-method signature="items()[pri:0, instance:testCases.MenuItemsTest@3b5fad2d]" started-at="2025-06-18T21:12:00 BST" name="items" finished-at="2025-06-18T21:12:01 BST" duration-ms="36" status="PASS">
          <reporter-output>
          </reporter-output>
        </test-method> <!-- items -->
        <test-method is-config="true" signature="close()[pri:0, instance:testCases.MenuItemsTest@3b5fad2d]" started-at="2025-06-18T21:12:01 BST" name="close" finished-at="2025-06-18T21:12:05 BST" duration-ms="3103" status="PASS">
          <reporter-output>
          </reporter-output>
        </test-method> <!-- close -->
      </class> <!-- testCases.MenuItemsTest -->
      <class name="testCases.ViewCartTest">
        <test-method is-config="true" signature="pageSetup()[pri:0, instance:testCases.ViewCartTest@34b9f960]" started-at="2025-06-18T21:12:01 BST" name="pageSetup" finished-at="2025-06-18T21:12:01 BST" duration-ms="0" status="PASS">
          <reporter-output>
          </reporter-output>
        </test-method> <!-- pageSetup -->
        <test-method signature="updatedCart()[pri:0, instance:testCases.ViewCartTest@34b9f960]" started-at="2025-06-18T21:12:01 BST" name="updatedCart" finished-at="2025-06-18T21:12:01 BST" depends-on-methods="testCases.AddItemsToCartTest.addingToCart" duration-ms="133" status="PASS">
          <reporter-output>
          </reporter-output>
        </test-method> <!-- updatedCart -->
      </class> <!-- testCases.ViewCartTest -->
    </test> <!-- PurchaseCoffeeEndToEnd -->
  </suite> <!-- CoffeCart -->
</testng-results>
