<?xml version="1.0" encoding="UTF-8"?>
<testng-results ignored="0" total="4" passed="4" failed="0" skipped="0">
  <reporter-output>
  </reporter-output>
  <suite started-at="2025-06-14T14:51:59 BST" name="CoffeCart" finished-at="2025-06-14T14:52:05 BST" duration-ms="5991">
    <groups>
    </groups>
    <test started-at="2025-06-14T14:51:59 BST" name="PurchaseCoffeeEndToEnd" finished-at="2025-06-14T14:52:05 BST" duration-ms="5991">
      <class name="testCases.PaymentTest">
        <test-method is-config="true" signature="pageSetup()[pri:0, instance:testCases.PaymentTest@587e5365]" started-at="2025-06-14T14:52:01 BST" name="pageSetup" finished-at="2025-06-14T14:52:01 BST" duration-ms="1" status="PASS">
          <reporter-output>
          </reporter-output>
        </test-method> <!-- pageSetup -->
        <test-method signature="purchaseFlow()[pri:0, instance:testCases.PaymentTest@587e5365]" started-at="2025-06-14T14:52:01 BST" name="purchaseFlow" finished-at="2025-06-14T14:52:02 BST" depends-on-methods="testCases.ViewCartTest.updatedCart" duration-ms="659" status="PASS">
          <reporter-output>
          </reporter-output>
        </test-method> <!-- purchaseFlow -->
      </class> <!-- testCases.PaymentTest -->
      <class name="testCases.AddItemsToCartTest">
        <test-method is-config="true" signature="pageSetup()[pri:0, instance:testCases.AddItemsToCartTest@4009e306]" started-at="2025-06-14T14:52:01 BST" name="pageSetup" finished-at="2025-06-14T14:52:01 BST" duration-ms="3" status="PASS">
          <reporter-output>
          </reporter-output>
        </test-method> <!-- pageSetup -->
        <test-method signature="addingToCart()[pri:0, instance:testCases.AddItemsToCartTest@4009e306]" started-at="2025-06-14T14:52:01 BST" name="addingToCart" finished-at="2025-06-14T14:52:01 BST" depends-on-methods="testCases.MenuItemsTest.items" duration-ms="134" status="PASS">
          <reporter-output>
          </reporter-output>
        </test-method> <!-- addingToCart -->
      </class> <!-- testCases.AddItemsToCartTest -->
      <class name="testCases.MenuItemsTest">
        <test-method is-config="true" signature="launch()[pri:0, instance:testCases.MenuItemsTest@2002fc1d]" started-at="2025-06-14T14:51:59 BST" name="launch" finished-at="2025-06-14T14:52:01 BST" duration-ms="1904" status="PASS">
          <reporter-output>
          </reporter-output>
        </test-method> <!-- launch -->
        <test-method is-config="true" signature="pageSetup()[pri:0, instance:testCases.MenuItemsTest@2002fc1d]" started-at="2025-06-14T14:52:01 BST" name="pageSetup" finished-at="2025-06-14T14:52:01 BST" duration-ms="5" status="PASS">
          <reporter-output>
          </reporter-output>
        </test-method> <!-- pageSetup -->
        <test-method signature="items()[pri:0, instance:testCases.MenuItemsTest@2002fc1d]" started-at="2025-06-14T14:52:01 BST" name="items" finished-at="2025-06-14T14:52:01 BST" duration-ms="40" status="PASS">
          <reporter-output>
          </reporter-output>
        </test-method> <!-- items -->
        <test-method is-config="true" signature="close()[pri:0, instance:testCases.MenuItemsTest@2002fc1d]" started-at="2025-06-14T14:52:02 BST" name="close" finished-at="2025-06-14T14:52:05 BST" duration-ms="3104" status="PASS">
          <reporter-output>
          </reporter-output>
        </test-method> <!-- close -->
      </class> <!-- testCases.MenuItemsTest -->
      <class name="testCases.ViewCartTest">
        <test-method is-config="true" signature="pageSetup()[pri:0, instance:testCases.ViewCartTest@43c1b556]" started-at="2025-06-14T14:52:01 BST" name="pageSetup" finished-at="2025-06-14T14:52:01 BST" duration-ms="1" status="PASS">
          <reporter-output>
          </reporter-output>
        </test-method> <!-- pageSetup -->
        <test-method signature="updatedCart()[pri:0, instance:testCases.ViewCartTest@43c1b556]" started-at="2025-06-14T14:52:01 BST" name="updatedCart" finished-at="2025-06-14T14:52:01 BST" depends-on-methods="testCases.AddItemsToCartTest.addingToCart" duration-ms="124" status="PASS">
          <reporter-output>
          </reporter-output>
        </test-method> <!-- updatedCart -->
      </class> <!-- testCases.ViewCartTest -->
    </test> <!-- PurchaseCoffeeEndToEnd -->
  </suite> <!-- CoffeCart -->
</testng-results>
