<?xml version="1.0" encoding="UTF-8"?>
<testng-results ignored="0" total="4" passed="4" failed="0" skipped="0">
  <reporter-output>
  </reporter-output>
  <suite started-at="2025-06-16T18:33:10 BST" name="CoffeCart" finished-at="2025-06-16T18:33:15 BST" duration-ms="4976">
    <groups>
    </groups>
    <test started-at="2025-06-16T18:33:10 BST" name="PurchaseCoffeeEndToEnd" finished-at="2025-06-16T18:33:15 BST" duration-ms="4976">
      <class name="testCases.PaymentTest">
        <test-method is-config="true" signature="pageSetup()[pri:0, instance:testCases.PaymentTest@dc9876b]" started-at="2025-06-16T18:33:11 BST" name="pageSetup" finished-at="2025-06-16T18:33:11 BST" duration-ms="1" status="PASS">
          <reporter-output>
          </reporter-output>
        </test-method> <!-- pageSetup -->
        <test-method signature="purchaseFlow()[pri:0, instance:testCases.PaymentTest@dc9876b]" started-at="2025-06-16T18:33:11 BST" name="purchaseFlow" finished-at="2025-06-16T18:33:12 BST" depends-on-methods="testCases.ViewCartTest.updatedCart" duration-ms="644" status="PASS">
          <reporter-output>
          </reporter-output>
        </test-method> <!-- purchaseFlow -->
      </class> <!-- testCases.PaymentTest -->
      <class name="testCases.AddItemsToCartTest">
        <test-method is-config="true" signature="pageSetup()[pri:0, instance:testCases.AddItemsToCartTest@15f47664]" started-at="2025-06-16T18:33:11 BST" name="pageSetup" finished-at="2025-06-16T18:33:11 BST" duration-ms="2" status="PASS">
          <reporter-output>
          </reporter-output>
        </test-method> <!-- pageSetup -->
        <test-method signature="addingToCart()[pri:0, instance:testCases.AddItemsToCartTest@15f47664]" started-at="2025-06-16T18:33:11 BST" name="addingToCart" finished-at="2025-06-16T18:33:11 BST" depends-on-methods="testCases.MenuItemsTest.items" duration-ms="159" status="PASS">
          <reporter-output>
          </reporter-output>
        </test-method> <!-- addingToCart -->
      </class> <!-- testCases.AddItemsToCartTest -->
      <class name="testCases.MenuItemsTest">
        <test-method is-config="true" signature="launch()[pri:0, instance:testCases.MenuItemsTest@452e19ca]" started-at="2025-06-16T18:33:10 BST" name="launch" finished-at="2025-06-16T18:33:11 BST" duration-ms="881" status="PASS">
          <reporter-output>
          </reporter-output>
        </test-method> <!-- launch -->
        <test-method is-config="true" signature="pageSetup()[pri:0, instance:testCases.MenuItemsTest@452e19ca]" started-at="2025-06-16T18:33:11 BST" name="pageSetup" finished-at="2025-06-16T18:33:11 BST" duration-ms="5" status="PASS">
          <reporter-output>
          </reporter-output>
        </test-method> <!-- pageSetup -->
        <test-method signature="items()[pri:0, instance:testCases.MenuItemsTest@452e19ca]" started-at="2025-06-16T18:33:11 BST" name="items" finished-at="2025-06-16T18:33:11 BST" duration-ms="35" status="PASS">
          <reporter-output>
          </reporter-output>
        </test-method> <!-- items -->
        <test-method is-config="true" signature="close()[pri:0, instance:testCases.MenuItemsTest@452e19ca]" started-at="2025-06-16T18:33:12 BST" name="close" finished-at="2025-06-16T18:33:15 BST" duration-ms="3108" status="PASS">
          <reporter-output>
          </reporter-output>
        </test-method> <!-- close -->
      </class> <!-- testCases.MenuItemsTest -->
      <class name="testCases.ViewCartTest">
        <test-method is-config="true" signature="pageSetup()[pri:0, instance:testCases.ViewCartTest@471a9022]" started-at="2025-06-16T18:33:11 BST" name="pageSetup" finished-at="2025-06-16T18:33:11 BST" duration-ms="1" status="PASS">
          <reporter-output>
          </reporter-output>
        </test-method> <!-- pageSetup -->
        <test-method signature="updatedCart()[pri:0, instance:testCases.ViewCartTest@471a9022]" started-at="2025-06-16T18:33:11 BST" name="updatedCart" finished-at="2025-06-16T18:33:11 BST" depends-on-methods="testCases.AddItemsToCartTest.addingToCart" duration-ms="127" status="PASS">
          <reporter-output>
          </reporter-output>
        </test-method> <!-- updatedCart -->
      </class> <!-- testCases.ViewCartTest -->
    </test> <!-- PurchaseCoffeeEndToEnd -->
  </suite> <!-- CoffeCart -->
</testng-results>
