<?xml version="1.0" encoding="UTF-8"?>
<testng-results ignored="0" total="4" passed="4" failed="0" skipped="0">
  <reporter-output>
  </reporter-output>
  <suite started-at="2025-06-23T18:51:54 BST" name="CoffeCart" finished-at="2025-06-23T18:52:01 BST" duration-ms="6286">
    <groups>
      <group name="multipletestuser">
        <method signature="PaymentMultipleUserTest.purchaseFlow(java.lang.String,java.lang.String)[pri:0, instance:testCases.PaymentMultipleUserTest@791d1f8b]" name="purchaseFlow" class="testCases.PaymentMultipleUserTest"/>
      </group> <!-- multipletestuser -->
    </groups>
    <test started-at="2025-06-23T18:51:54 BST" name="SingleUserPurchaseTest" finished-at="2025-06-23T18:52:01 BST" duration-ms="6286">
      <class name="testCases.PaymentMultipleUserTest">
        <test-method is-config="true" signature="launch()[pri:0, instance:testCases.PaymentMultipleUserTest@791d1f8b]" started-at="2025-06-23T18:51:54 BST" name="launch" finished-at="2025-06-23T18:51:56 BST" duration-ms="1096" status="PASS">
          <reporter-output>
          </reporter-output>
        </test-method> <!-- launch -->
        <test-method is-config="true" signature="pageSetup()[pri:0, instance:testCases.PaymentMultipleUserTest@791d1f8b]" started-at="2025-06-23T18:51:56 BST" name="pageSetup" finished-at="2025-06-23T18:51:56 BST" duration-ms="6" status="PASS">
          <reporter-output>
          </reporter-output>
        </test-method> <!-- pageSetup -->
        <test-method signature="purchaseFlow(java.lang.String,java.lang.String)[pri:0, instance:testCases.PaymentMultipleUserTest@791d1f8b]" started-at="2025-06-23T18:51:56 BST" name="purchaseFlow" data-provider="paymentData" finished-at="2025-06-23T18:51:57 BST" duration-ms="945" status="PASS">
          <params>
            <param index="0">
              <value>
                <![CDATA[Raja Bhamra]]>
              </value>
            </param>
            <param index="1">
              <value>
                <![CDATA[raja@gmail.com]]>
              </value>
            </param>
          </params>
          <reporter-output>
          </reporter-output>
        </test-method> <!-- purchaseFlow -->
        <test-method is-config="true" signature="pageSetup()[pri:0, instance:testCases.PaymentMultipleUserTest@791d1f8b]" started-at="2025-06-23T18:51:57 BST" name="pageSetup" finished-at="2025-06-23T18:51:57 BST" duration-ms="1" status="PASS">
          <reporter-output>
          </reporter-output>
        </test-method> <!-- pageSetup -->
        <test-method signature="purchaseFlow(java.lang.String,java.lang.String)[pri:0, instance:testCases.PaymentMultipleUserTest@791d1f8b]" started-at="2025-06-23T18:51:57 BST" name="purchaseFlow" data-provider="paymentData" finished-at="2025-06-23T18:51:57 BST" duration-ms="322" status="PASS">
          <params>
            <param index="0">
              <value>
                <![CDATA[Jake Moss]]>
              </value>
            </param>
            <param index="1">
              <value>
                <![CDATA[Jake@gmail.com]]>
              </value>
            </param>
          </params>
          <reporter-output>
          </reporter-output>
        </test-method> <!-- purchaseFlow -->
        <test-method signature="purchaseFlow(java.lang.String,java.lang.String)[pri:0, instance:testCases.PaymentMultipleUserTest@791d1f8b]" started-at="2025-06-23T18:51:57 BST" name="purchaseFlow" data-provider="paymentData" finished-at="2025-06-23T18:51:57 BST" duration-ms="318" status="PASS">
          <params>
            <param index="0">
              <value>
                <![CDATA[Harry Knight]]>
              </value>
            </param>
            <param index="1">
              <value>
                <![CDATA[Harry@gmail.com]]>
              </value>
            </param>
          </params>
          <reporter-output>
          </reporter-output>
        </test-method> <!-- purchaseFlow -->
        <test-method is-config="true" signature="pageSetup()[pri:0, instance:testCases.PaymentMultipleUserTest@791d1f8b]" started-at="2025-06-23T18:51:57 BST" name="pageSetup" finished-at="2025-06-23T18:51:57 BST" duration-ms="0" status="PASS">
          <reporter-output>
          </reporter-output>
        </test-method> <!-- pageSetup -->
        <test-method is-config="true" signature="pageSetup()[pri:0, instance:testCases.PaymentMultipleUserTest@791d1f8b]" started-at="2025-06-23T18:51:57 BST" name="pageSetup" finished-at="2025-06-23T18:51:57 BST" duration-ms="1" status="PASS">
          <reporter-output>
          </reporter-output>
        </test-method> <!-- pageSetup -->
        <test-method signature="purchaseFlow(java.lang.String,java.lang.String)[pri:0, instance:testCases.PaymentMultipleUserTest@791d1f8b]" started-at="2025-06-23T18:51:57 BST" name="purchaseFlow" data-provider="paymentData" finished-at="2025-06-23T18:51:58 BST" duration-ms="308" status="PASS">
          <params>
            <param index="0">
              <value>
                <![CDATA[Romana Virdi]]>
              </value>
            </param>
            <param index="1">
              <value>
                <![CDATA[Romana@gmail.com]]>
              </value>
            </param>
          </params>
          <reporter-output>
          </reporter-output>
        </test-method> <!-- purchaseFlow -->
        <test-method is-config="true" signature="close()[pri:0, instance:testCases.PaymentMultipleUserTest@791d1f8b]" started-at="2025-06-23T18:51:58 BST" name="close" finished-at="2025-06-23T18:52:01 BST" duration-ms="3094" status="PASS">
          <reporter-output>
          </reporter-output>
        </test-method> <!-- close -->
      </class> <!-- testCases.PaymentMultipleUserTest -->
    </test> <!-- SingleUserPurchaseTest -->
  </suite> <!-- CoffeCart -->
</testng-results>
